<?xml version="1.0" encoding="UTF-8"?>
<!-- Generated by org.testng.reporters.JUnitReportReporter -->
<testsuite hostname="MKD-CORP-BCP076" failures="0" tests="2" name="com.cyient.test.LoginTest" time="30.353" errors="0" timestamp="2021-06-09T13:12:04 IST" skipped="0">
  <testcase classname="com.cyient.test.LoginTest" name="validCredentialTest" time="14.667"/>
  <system-out/>
  <testcase classname="com.cyient.test.LoginTest" name="validCredentialTest" time="15.686"/>
  <system-out/>
</testsuite> <!-- com.cyient.test.LoginTest -->
