<?xml version="1.0" encoding="UTF-8"?>
<!-- Generated by org.testng.reporters.JUnitReportReporter -->
<testsuite hostname="MKD-CORP-BCP076" failures="0" tests="1" name="com.cyient.test.PatientTest" time="23.160" errors="0" timestamp="2021-06-08T22:00:38 IST" skipped="0">
  <testcase classname="com.cyient.test.PatientTest" name="addPatientTest" time="23.160"/>
  <system-out/>
</testsuite> <!-- com.cyient.test.PatientTest -->
